#
# There is insufficient memory for the Java Runtime Environment to continue.
# Native memory allocation (mmap) failed to map 255852544 bytes for G1 virtual space
# Possible reasons:
#   The system is out of physical RAM or swap space
#   The process is running with CompressedOops enabled, and the Java Heap may be blocking the growth of the native heap
# Possible solutions:
#   Reduce memory load on the system
#   Increase physical memory or swap space
#   Check if swap backing store is full
#   Decrease Java heap size (-Xmx/-Xms)
#   Decrease number of Java threads
#   Decrease Java thread stack sizes (-Xss)
#   Set larger code cache with -XX:ReservedCodeCacheSize=
#   JVM is running with Zero Based Compressed Oops mode in which the Java heap is
#     placed in the first 32GB address space. The Java Heap base address is the
#     maximum limit for the native heap growth. Please use -XX:HeapBaseMinAddress
#     to set the Java Heap base and to place the Java Heap above 32GB virtual address.
# This output file may be truncated or incomplete.
#
#  Out of Memory Error (os_windows.cpp:3617), pid=15480, tid=19284
#
# JRE version:  (17.0.8+7) (build )
# Java VM: OpenJDK 64-Bit Server VM (17.0.8+7-adhoc..jdk17u, mixed mode, sharing, tiered, compressed oops, compressed class ptrs, g1 gc, windows-amd64)
# No core dump will be written. Minidumps are not enabled by default on client versions of Windows
#

---------------  S U M M A R Y ------------

Command Line: -Dnet.bytebuddy.agent.attacher.dump= net.bytebuddy.agent.Attacher com.sun.tools.attach.VirtualMachine 21792 D:\Users\kpavani\.m2\repository\net\bytebuddy\byte-buddy-agent\1.14.9\byte-buddy-agent-1.14.9.jar false 

Host: 12th Gen Intel(R) Core(TM) i5-1250P, 16 cores, 15G,  Windows 11 , 64 bit Build 22000 (10.0.22000.2538)
Time: Sat Nov 18 23:02:10 2023 India Standard Time elapsed time: 0.059898 seconds (0d 0h 0m 0s)

---------------  T H R E A D  ---------------

Current thread (0x00000292b5f4b520):  JavaThread "Unknown thread" [_thread_in_vm, id=19284, stack(0x000000f796b00000,0x000000f796c00000)]

Stack: [0x000000f796b00000,0x000000f796c00000]
Native frames: (J=compiled Java code, j=interpreted, Vv=VM code, C=native code)
V  [jvm.dll+0x679dda]
V  [jvm.dll+0x8378c4]
V  [jvm.dll+0x83906e]
V  [jvm.dll+0x8396d3]
V  [jvm.dll+0x24775f]
V  [jvm.dll+0x676b59]
V  [jvm.dll+0x66b3ea]
V  [jvm.dll+0x306ebb]
V  [jvm.dll+0x30e366]
V  [jvm.dll+0x35e06e]
V  [jvm.dll+0x35e29f]
V  [jvm.dll+0x2dddf8]
V  [jvm.dll+0x2ded64]
V  [jvm.dll+0x809551]
V  [jvm.dll+0x36be31]
V  [jvm.dll+0x7e885c]
V  [jvm.dll+0x3eeb5f]
V  [jvm.dll+0x3f0771]
C  [jli.dll+0x528f]
C  [ucrtbase.dll+0x26c0c]
C  [KERNEL32.DLL+0x153e0]
C  [ntdll.dll+0x485b]


---------------  P R O C E S S  ---------------

Threads class SMR info:
_java_thread_list=0x00007ffca63e0018, length=0, elements={
}

Java Threads: ( => current thread )

Other Threads:
  0x00000292d76d7bf0 GCTaskThread "GC Thread#0" [stack: 0x000000f796c00000,0x000000f796d00000] [id=26320]
  0x00000292d76e7f10 ConcurrentGCThread "G1 Main Marker" [stack: 0x000000f796d00000,0x000000f796e00000] [id=10592]
  0x00000292d76e90c0 ConcurrentGCThread "G1 Conc#0" [stack: 0x000000f796e00000,0x000000f796f00000] [id=18644]

[error occurred during error reporting (printing all threads), id 0xc0000005, EXCEPTION_ACCESS_VIOLATION (0xc0000005) at pc=0x00007ffca5b9e7e7]

VM state: not at safepoint (not fully initialized)

VM Mutex/Monitor currently owned by a thread:  ([mutex/lock_event])
[0x00000292b5f47830] Heap_lock - owner thread: 0x00000292b5f4b520

Heap address: 0x000000070c200000, size: 3902 MB, Compressed Oops mode: Zero based, Oop shift amount: 3

CDS archive(s) mapped at: [0x0000000000000000-0x0000000000000000-0x0000000000000000), size 0, SharedBaseAddress: 0x0000000800000000, ArchiveRelocationMode: 1.
Narrow klass base: 0x0000000000000000, Narrow klass shift: 0, Narrow klass range: 0x0

GC Precious Log:
<Empty>

Heap:
 garbage-first heap   total 0K, used 0K [0x000000070c200000, 0x0000000800000000)
  region size 2048K, 0 young (0K), 0 survivors (0K)

[error occurred during error reporting (printing heap information), id 0xc0000005, EXCEPTION_ACCESS_VIOLATION (0xc0000005) at pc=0x00007ffca5f83a99]

GC Heap History (0 events):
No events

Dll operation events (1 events):
Event: 0.042 Loaded shared library C:\Program Files\OpenLogic\jdk-17.0.8.7-hotspot\bin\java.dll

Deoptimization events (0 events):
No events

Classes unloaded (0 events):
No events

Classes redefined (0 events):
No events

Internal exceptions (0 events):
No events

VM Operations (0 events):
No events

Events (0 events):
No events


Dynamic libraries:
0x00007ff6683f0000 - 0x00007ff6683fe000 	C:\Program Files\OpenLogic\jdk-17.0.8.7-hotspot\bin\java.exe
0x00007ffd12440000 - 0x00007ffd12649000 	C:\Windows\SYSTEM32\ntdll.dll
0x00007ffd10750000 - 0x00007ffd1080d000 	C:\Windows\System32\KERNEL32.DLL
0x00007ffd0fe10000 - 0x00007ffd10194000 	C:\Windows\System32\KERNELBASE.dll
0x00007ffd0fcf0000 - 0x00007ffd0fe01000 	C:\Windows\System32\ucrtbase.dll
0x00007ffd0c2a0000 - 0x00007ffd0c2bb000 	C:\Program Files\OpenLogic\jdk-17.0.8.7-hotspot\bin\VCRUNTIME140.dll
0x00007ffd09170000 - 0x00007ffd09187000 	C:\Program Files\OpenLogic\jdk-17.0.8.7-hotspot\bin\jli.dll
0x00007ffd11ec0000 - 0x00007ffd1206d000 	C:\Windows\System32\USER32.dll
0x00007ffd0f8d0000 - 0x00007ffd0f8f6000 	C:\Windows\System32\win32u.dll
0x00007ffd10720000 - 0x00007ffd1074a000 	C:\Windows\System32\GDI32.dll
0x00007ffd0f900000 - 0x00007ffd0fa1e000 	C:\Windows\System32\gdi32full.dll
0x00007ffcf3010000 - 0x00007ffcf32b5000 	C:\Windows\WinSxS\amd64_microsoft.windows.common-controls_6595b64144ccf1df_6.0.22000.120_none_9d947278b86cc467\COMCTL32.dll
0x00007ffd0fa20000 - 0x00007ffd0fabd000 	C:\Windows\System32\msvcp_win.dll
0x00007ffd11250000 - 0x00007ffd112f3000 	C:\Windows\System32\msvcrt.dll
0x00007ffd11cb0000 - 0x00007ffd11ce1000 	C:\Windows\System32\IMM32.DLL
0x00007ffd045b0000 - 0x00007ffd04741000 	C:\Windows\system32\tmumh\20019\AddOn\8.55.0.1257\TmUmEvt64.dll
0x00007ffd12070000 - 0x00007ffd12078000 	C:\Windows\System32\PSAPI.DLL
0x00007ffd11df0000 - 0x00007ffd11e9e000 	C:\Windows\System32\ADVAPI32.dll
0x00007ffd10410000 - 0x00007ffd104ae000 	C:\Windows\System32\sechost.dll
0x00007ffd12080000 - 0x00007ffd121a1000 	C:\Windows\System32\RPCRT4.dll
0x0000000073d70000 - 0x0000000073ee3000 	C:\Windows\system32\tmumh\20019\TmMon\2.9.0.1048\tmmon64.dll
0x00007ffcd9b40000 - 0x00007ffcd9e71000 	C:\Windows\System32\TmLWE\TmUmSnsr64\1.0.0.1119\TmUmSnsr64.dll
0x00007ffd0e8d0000 - 0x00007ffd0e8e8000 	C:\Windows\SYSTEM32\kernel.appcore.dll
0x00007ffd0c2d0000 - 0x00007ffd0c2dc000 	C:\Program Files\OpenLogic\jdk-17.0.8.7-hotspot\bin\vcruntime140_1.dll
0x00007ffcf0670000 - 0x00007ffcf06fd000 	C:\Program Files\OpenLogic\jdk-17.0.8.7-hotspot\bin\msvcp140.dll
0x00007ffca58b0000 - 0x00007ffca6512000 	C:\Program Files\OpenLogic\jdk-17.0.8.7-hotspot\bin\server\jvm.dll
0x00007ffd0e010000 - 0x00007ffd0e05d000 	C:\Windows\SYSTEM32\POWRPROF.dll
0x00007ffccee90000 - 0x00007ffccee99000 	C:\Windows\SYSTEM32\WSOCK32.dll
0x00007ffd105b0000 - 0x00007ffd1061f000 	C:\Windows\System32\WS2_32.dll
0x00007ffd09590000 - 0x00007ffd095c3000 	C:\Windows\SYSTEM32\WINMM.dll
0x00007ffd040d0000 - 0x00007ffd040da000 	C:\Windows\SYSTEM32\VERSION.dll
0x00007ffd0e100000 - 0x00007ffd0e113000 	C:\Windows\SYSTEM32\UMPDC.dll
0x00007ffd0c290000 - 0x00007ffd0c29a000 	C:\Program Files\OpenLogic\jdk-17.0.8.7-hotspot\bin\jimage.dll
0x00007ffd0cfe0000 - 0x00007ffd0d201000 	C:\Windows\SYSTEM32\DBGHELP.DLL
0x00007ffd03d20000 - 0x00007ffd03d51000 	C:\Windows\SYSTEM32\dbgcore.DLL
0x00007ffd101a0000 - 0x00007ffd1021f000 	C:\Windows\System32\bcryptPrimitives.dll
0x00007ffcf9590000 - 0x00007ffcf95b5000 	C:\Program Files\OpenLogic\jdk-17.0.8.7-hotspot\bin\java.dll

dbghelp: loaded successfully - version: 4.0.5 - missing functions: none
symbol engine: initialized successfully - sym options: 0x614 - pdb path: .;C:\Program Files\OpenLogic\jdk-17.0.8.7-hotspot\bin;C:\Windows\SYSTEM32;C:\Windows\WinSxS\amd64_microsoft.windows.common-controls_6595b64144ccf1df_6.0.22000.120_none_9d947278b86cc467;C:\Windows\system32\tmumh\20019\AddOn\8.55.0.1257;C:\Windows\system32\tmumh\20019\TmMon\2.9.0.1048;C:\Windows\System32\TmLWE\TmUmSnsr64\1.0.0.1119;C:\Program Files\OpenLogic\jdk-17.0.8.7-hotspot\bin\server

VM Arguments:
jvm_args: -Dnet.bytebuddy.agent.attacher.dump= 
java_command: net.bytebuddy.agent.Attacher com.sun.tools.attach.VirtualMachine 21792 D:\Users\kpavani\.m2\repository\net\bytebuddy\byte-buddy-agent\1.14.9\byte-buddy-agent-1.14.9.jar false 
java_class_path (initial): D:\Users\kpavani\.m2\repository\net\bytebuddy\byte-buddy-agent\1.14.9\byte-buddy-agent-1.14.9.jar
Launcher Type: SUN_STANDARD

[Global flags]
     intx CICompilerCount                          = 12                                        {product} {ergonomic}
     uint ConcGCThreads                            = 3                                         {product} {ergonomic}
     uint G1ConcRefinementThreads                  = 13                                        {product} {ergonomic}
   size_t G1HeapRegionSize                         = 2097152                                   {product} {ergonomic}
    uintx GCDrainStackTargetSize                   = 64                                        {product} {ergonomic}
   size_t InitialHeapSize                          = 255852544                                 {product} {ergonomic}
   size_t MarkStackSize                            = 4194304                                   {product} {ergonomic}
   size_t MaxHeapSize                              = 4091543552                                {product} {ergonomic}
   size_t MinHeapDeltaBytes                        = 2097152                                   {product} {ergonomic}
   size_t MinHeapSize                              = 8388608                                   {product} {ergonomic}
    uintx NonNMethodCodeHeapSize                   = 7602480                                {pd product} {ergonomic}
    uintx NonProfiledCodeHeapSize                  = 122027880                              {pd product} {ergonomic}
    uintx ProfiledCodeHeapSize                     = 122027880                              {pd product} {ergonomic}
    uintx ReservedCodeCacheSize                    = 251658240                              {pd product} {ergonomic}
     bool SegmentedCodeCache                       = true                                      {product} {ergonomic}
   size_t SoftMaxHeapSize                          = 4091543552                             {manageable} {ergonomic}
     bool UseCompressedClassPointers               = true                           {product lp64_product} {ergonomic}
     bool UseCompressedOops                        = true                           {product lp64_product} {ergonomic}
     bool UseG1GC                                  = true                                      {product} {ergonomic}
     bool UseLargePagesIndividualAllocation        = false                                  {pd product} {ergonomic}

Logging:
Log output configuration:
 #0: stdout all=warning uptime,level,tags
 #1: stderr all=off uptime,level,tags

Environment Variables:
JAVA_HOME=C:\Program Files\jdk-15
PATH=C:\Program Files\OpenLogic\jdk-17.0.8.7-hotspot\bin;C:\Windows\system32;C:\Windows;C:\Windows\System32\Wbem;C:\Windows\System32\WindowsPowerShell\v1.0\;C:\Windows\System32\OpenSSH\;C:\Program Files\jdk-15\bin;C:\Program Files\PuTTY\;C:\Program Files\nodejs\;D:\Users\kpavani\AppData\Local\Microsoft\WindowsApps;D:\Users\kpavani\AppData\Local\Programs\Microsoft VS Code\bin;D:\Users\kpavani\AppData\Roaming\npm;D:\Users\kpavani\AppData\Local\Programs\Git\cmd
USERNAME=kpavani
OS=Windows_NT
PROCESSOR_IDENTIFIER=Intel64 Family 6 Model 154 Stepping 3, GenuineIntel
TMP=D:\Users\kpavani\AppData\Local\Temp
TEMP=D:\Users\kpavani\AppData\Local\Temp



---------------  S Y S T E M  ---------------

OS:
 Windows 11 , 64 bit Build 22000 (10.0.22000.2538)
OS uptime: 14 days 10:50 hours
Hyper-V role detected

CPU: total 16 (initial active 16) (8 cores per cpu, 2 threads per core) family 6 model 154 stepping 3 microcode 0x42a, cx8, cmov, fxsr, ht, mmx, 3dnowpref, sse, sse2, sse3, ssse3, sse4.1, sse4.2, popcnt, lzcnt, tsc, tscinvbit, avx, avx2, aes, erms, clmul, bmi1, bmi2, adx, sha, fma, vzeroupper, clflush, clflushopt, clwb, hv
Processor Information for processor 0
  Max Mhz: 1700, Current Mhz: 1700, Mhz Limit: 1190
Processor Information for processor 1
  Max Mhz: 1700, Current Mhz: 1700, Mhz Limit: 1190
Processor Information for processor 2
  Max Mhz: 1700, Current Mhz: 1700, Mhz Limit: 1700
Processor Information for processor 3
  Max Mhz: 1700, Current Mhz: 1700, Mhz Limit: 1700
Processor Information for processor 4
  Max Mhz: 1700, Current Mhz: 1700, Mhz Limit: 1700
Processor Information for processor 5
  Max Mhz: 1700, Current Mhz: 1700, Mhz Limit: 1700
Processor Information for processor 6
  Max Mhz: 1700, Current Mhz: 1700, Mhz Limit: 1700
Processor Information for processor 7
  Max Mhz: 1700, Current Mhz: 1700, Mhz Limit: 1700
Processor Information for processor 8
  Max Mhz: 1700, Current Mhz: 1200, Mhz Limit: 1190
Processor Information for processor 9
  Max Mhz: 1700, Current Mhz: 1200, Mhz Limit: 1190
Processor Information for processor 10
  Max Mhz: 1700, Current Mhz: 1200, Mhz Limit: 1190
Processor Information for processor 11
  Max Mhz: 1700, Current Mhz: 1200, Mhz Limit: 1190
Processor Information for processor 12
  Max Mhz: 1700, Current Mhz: 1200, Mhz Limit: 1190
Processor Information for processor 13
  Max Mhz: 1700, Current Mhz: 1200, Mhz Limit: 1190
Processor Information for processor 14
  Max Mhz: 1700, Current Mhz: 1200, Mhz Limit: 1190
Processor Information for processor 15
  Max Mhz: 1700, Current Mhz: 1200, Mhz Limit: 1190

Memory: 4k page, system-wide physical 15606M (2011M free)
TotalPageFile size 31516M (AvailPageFile size 269M)
current process WorkingSet (physical memory assigned to process): 16M, peak: 16M
current process commit charge ("private bytes"): 75M, peak: 319M

vm_info: OpenJDK 64-Bit Server VM (17.0.8+7-adhoc..jdk17u) for windows-amd64 JRE (17.0.8+7-adhoc..jdk17u), built on Jul 19 2023 10:43:49 by "" with MS VC++ 16.10 / 16.11 (VS2019)

END.
